#
# There is insufficient memory for the Java Runtime Environment to continue.
# Native memory allocation (malloc) failed to allocate 788896 bytes for Chunk::new
# Possible reasons:
#   The system is out of physical RAM or swap space
#   The process is running with CompressedOops enabled, and the Java Heap may be blocking the growth of the native heap
# Possible solutions:
#   Reduce memory load on the system
#   Increase physical memory or swap space
#   Check if swap backing store is full
#   Decrease Java heap size (-Xmx/-Xms)
#   Decrease number of Java threads
#   Decrease Java thread stack sizes (-Xss)
#   Set larger code cache with -XX:ReservedCodeCacheSize=
#   JVM is running with Unscaled Compressed Oops mode in which the Java heap is
#     placed in the first 4GB address space. The Java Heap base address is the
#     maximum limit for the native heap growth. Please use -XX:HeapBaseMinAddress
#     to set the Java Heap base and to place the Java Heap above 4GB virtual address.
# This output file may be truncated or incomplete.
#
#  Out of Memory Error (allocation.cpp:389), pid=21408, tid=0x0000000000000a3c
#
# JRE version: Java(TM) SE Runtime Environment (8.0_202-b08) (build 1.8.0_202-b08)
# Java VM: Java HotSpot(TM) 64-Bit Server VM (25.202-b08 mixed mode windows-amd64 compressed oops)
# Failed to write core dump. Minidumps are not enabled by default on client versions of Windows
#

---------------  T H R E A D  ---------------

Current thread (0x000000001a1fe800):  JavaThread "C2 CompilerThread1" daemon [_thread_in_native, id=2620, stack(0x000000001bee0000,0x000000001bfe0000)]

Stack: [0x000000001bee0000,0x000000001bfe0000]
[error occurred during error reporting (printing stack bounds), id 0xc0000005]

Native frames: (J=compiled Java code, j=interpreted, Vv=VM code, C=native code)


Current CompileTask:
C2:   2149 1891       4       java.net.URLClassLoader$1::run (5 bytes)


---------------  P R O C E S S  ---------------

Java Threads: ( => current thread )
  0x000000001e92d000 JavaThread "Cache worker for file hash cache (C:\Users\user\.gradle\caches\8.7\fileHashes)" [_thread_blocked, id=18388, stack(0x0000000025b20000,0x0000000025c20000)]
  0x000000001e928800 JavaThread "File lock request listener" [_thread_in_native, id=8792, stack(0x0000000021ae0000,0x0000000021be0000)]
  0x000000001e92a000 JavaThread "Cache worker for journal cache (C:\Users\user\.gradle\caches\journal-1)" [_thread_blocked, id=17380, stack(0x00000000219e0000,0x0000000021ae0000)]
  0x000000001e927800 JavaThread "Daemon client event forwarder" [_thread_blocked, id=21324, stack(0x0000000020510000,0x0000000020610000)]
  0x000000001e92b800 JavaThread "Stdin handler" [_thread_blocked, id=7832, stack(0x0000000020410000,0x0000000020510000)]
  0x000000001e929000 JavaThread "Asynchronous log dispatcher for DefaultDaemonConnection: socket connection from /127.0.0.1:63469 to /127.0.0.1:63470" [_thread_blocked, id=3668, stack(0x0000000020310000,0x0000000020410000)]
  0x000000001a2a9000 JavaThread "Daemon worker" [_thread_in_native, id=18584, stack(0x0000000020210000,0x0000000020310000)]
  0x000000001a2a8000 JavaThread "Cancel handler" [_thread_blocked, id=13564, stack(0x0000000020110000,0x0000000020210000)]
  0x000000001a2a7800 JavaThread "Handler for socket connection from /127.0.0.1:63469 to /127.0.0.1:63470" [_thread_in_native, id=18752, stack(0x0000000020010000,0x0000000020110000)]
  0x000000001a2a9800 JavaThread "Daemon" [_thread_blocked, id=20120, stack(0x000000001ff10000,0x0000000020010000)]
  0x000000001cecc800 JavaThread "Daemon periodic checks" [_thread_blocked, id=15984, stack(0x000000001fe10000,0x000000001ff10000)]
  0x000000001a1c3000 JavaThread "Incoming local TCP Connector on port 63469" [_thread_in_native, id=8776, stack(0x000000001fbc0000,0x000000001fcc0000)]
  0x000000001e6f3800 JavaThread "Daemon health stats" [_thread_blocked, id=7912, stack(0x000000001f580000,0x000000001f680000)]
  0x000000001a30e000 JavaThread "Service Thread" daemon [_thread_blocked, id=20908, stack(0x000000001c9e0000,0x000000001cae0000)]
  0x000000001a2ac000 JavaThread "C1 CompilerThread11" daemon [_thread_blocked, id=8896, stack(0x000000001c8e0000,0x000000001c9e0000)]
  0x000000001a2ab000 JavaThread "C1 CompilerThread10" daemon [_thread_blocked, id=3220, stack(0x000000001c7e0000,0x000000001c8e0000)]
  0x000000001a2a5000 JavaThread "C1 CompilerThread9" daemon [_thread_blocked, id=16644, stack(0x000000001c6e0000,0x000000001c7e0000)]
  0x000000001a2aa800 JavaThread "C1 CompilerThread8" daemon [_thread_blocked, id=19268, stack(0x000000001c5e0000,0x000000001c6e0000)]
  0x000000001a215800 JavaThread "C2 CompilerThread7" daemon [_thread_blocked, id=1480, stack(0x000000001c4e0000,0x000000001c5e0000)]
  0x000000001a215000 JavaThread "C2 CompilerThread6" daemon [_thread_in_native, id=8436, stack(0x000000001c3e0000,0x000000001c4e0000)]
  0x000000001a214000 JavaThread "C2 CompilerThread5" daemon [_thread_blocked, id=12304, stack(0x000000001c2e0000,0x000000001c3e0000)]
  0x000000001a206000 JavaThread "C2 CompilerThread4" daemon [_thread_blocked, id=21424, stack(0x000000001c1e0000,0x000000001c2e0000)]
  0x000000001a202000 JavaThread "C2 CompilerThread3" daemon [_thread_blocked, id=16584, stack(0x000000001c0e0000,0x000000001c1e0000)]
  0x000000001a1ff800 JavaThread "C2 CompilerThread2" daemon [_thread_blocked, id=17812, stack(0x000000001bfe0000,0x000000001c0e0000)]
=>0x000000001a1fe800 JavaThread "C2 CompilerThread1" daemon [_thread_in_native, id=2620, stack(0x000000001bee0000,0x000000001bfe0000)]
  0x000000001a1cf000 JavaThread "C2 CompilerThread0" daemon [_thread_blocked, id=6600, stack(0x000000001bde0000,0x000000001bee0000)]
  0x000000001a181800 JavaThread "Attach Listener" daemon [_thread_blocked, id=15312, stack(0x000000001bce0000,0x000000001bde0000)]
  0x00000000186fe800 JavaThread "Signal Dispatcher" daemon [_thread_blocked, id=3268, stack(0x000000001bbe0000,0x000000001bce0000)]
  0x00000000186f4800 JavaThread "Finalizer" daemon [_thread_blocked, id=13876, stack(0x000000001b9d0000,0x000000001bad0000)]
  0x000000001a166000 JavaThread "Reference Handler" daemon [_thread_blocked, id=18864, stack(0x000000001b8d0000,0x000000001b9d0000)]
  0x0000000003082800 JavaThread "main" [_thread_blocked, id=4272, stack(0x0000000002db0000,0x0000000002eb0000)]

Other Threads:
  0x000000001a143000 VMThread [stack: 0x000000001b7d0000,0x000000001b8d0000] [id=20796]
  0x000000001a2ee000 WatcherThread [stack: 0x000000001cae0000,0x000000001cbe0000] [id=14404]

VM state:not at safepoint (normal execution)

VM Mutex/Monitor currently owned by a thread: None

heap address: 0x0000000080000000, size: 2048 MB, Compressed Oops mode: 32-bit
Narrow klass base: 0x0000000000000000, Narrow klass shift: 3
Compressed class space size: 1073741824 Address: 0x0000000100000000

Heap:
 PSYoungGen      total 66560K, used 34410K [0x00000000d5580000, 0x00000000d9f80000, 0x0000000100000000)
  eden space 57344K, 43% used [0x00000000d5580000,0x00000000d6e1f068,0x00000000d8d80000)
  from space 9216K, 99% used [0x00000000d8d80000,0x00000000d967b798,0x00000000d9680000)
  to   space 9216K, 0% used [0x00000000d9680000,0x00000000d9680000,0x00000000d9f80000)
 ParOldGen       total 151552K, used 676K [0x0000000080000000, 0x0000000089400000, 0x00000000d5580000)
  object space 151552K, 0% used [0x0000000080000000,0x00000000800a90a0,0x0000000089400000)
 Metaspace       used 17564K, capacity 18414K, committed 18560K, reserved 1064960K
  class space    used 2420K, capacity 2637K, committed 2688K, reserved 1048576K

Card table byte_map: [0x0000000012540000,0x0000000012950000] byte_map_base: 0x0000000012140000

Marking Bits: (ParMarkBitMap*) 0x0000000053ea5ce0
 Begin Bits: [0x0000000013900000, 0x0000000015900000)
 End Bits:   [0x0000000015900000, 0x0000000017900000)

Polling page: 0x0000000002d80000

CodeCache: size=245760Kb used=8232Kb max_used=8243Kb free=237528Kb
 bounds [0x0000000003180000, 0x00000000039a0000, 0x0000000012180000]
 total_blobs=2381 nmethods=1938 adapters=353
 compilation: enabled

Compilation events (10 events):
Event: 2.143 Thread 0x000000001a2ac000 1938       3       org.gradle.internal.service.DefaultServiceRegistry::access$1300 (6 bytes)
Event: 2.145 Thread 0x000000001a2aa800 nmethod 1937 0x000000000397ef50 code [0x000000000397f0e0, 0x000000000397f358]
Event: 2.145 Thread 0x000000001a2ac000 nmethod 1938 0x000000000397ebd0 code [0x000000000397ed40, 0x000000000397eea8]
Event: 2.145 Thread 0x000000001a2aa800 1936       1       java.util.Collections$EmptyList::isEmpty (2 bytes)
Event: 2.145 Thread 0x000000001a2ac000 1939       3       org.gradle.internal.service.DefaultServiceRegistry::isSatisfiedBy (44 bytes)
Event: 2.145 Thread 0x000000001a2a5000 nmethod 1934 0x0000000003989590 code [0x0000000003989760, 0x0000000003989e68]
Event: 2.145 Thread 0x000000001a2aa800 nmethod 1936 0x00000000039892d0 code [0x0000000003989420, 0x0000000003989530]
Event: 2.145 Thread 0x000000001a2ac000 nmethod 1939 0x0000000003988890 code [0x0000000003988a40, 0x0000000003989188]
Event: 2.145 Thread 0x000000001a2ab000 nmethod 1935 0x000000000398d2d0 code [0x000000000398d620, 0x000000000398f1f8]
Event: 2.146 Thread 0x000000001a214000 nmethod 1915 0x000000000398ff10 code [0x00000000039900a0, 0x0000000003990838]

GC Heap History (6 events):
Event: 0.897 GC heap before
{Heap before GC invocations=1 (full 0):
 PSYoungGen      total 66560K, used 57344K [0x00000000d5580000, 0x00000000d9f80000, 0x0000000100000000)
  eden space 57344K, 100% used [0x00000000d5580000,0x00000000d8d80000,0x00000000d8d80000)
  from space 9216K, 0% used [0x00000000d9680000,0x00000000d9680000,0x00000000d9f80000)
  to   space 9216K, 0% used [0x00000000d8d80000,0x00000000d8d80000,0x00000000d9680000)
 ParOldGen       total 151552K, used 0K [0x0000000080000000, 0x0000000089400000, 0x00000000d5580000)
  object space 151552K, 0% used [0x0000000080000000,0x0000000080000000,0x0000000089400000)
 Metaspace       used 7563K, capacity 7806K, committed 8064K, reserved 1056768K
  class space    used 955K, capacity 1057K, committed 1152K, reserved 1048576K
Event: 0.902 GC heap after
Heap after GC invocations=1 (full 0):
 PSYoungGen      total 66560K, used 5840K [0x00000000d5580000, 0x00000000d9f80000, 0x0000000100000000)
  eden space 57344K, 0% used [0x00000000d5580000,0x00000000d5580000,0x00000000d8d80000)
  from space 9216K, 63% used [0x00000000d8d80000,0x00000000d9334320,0x00000000d9680000)
  to   space 9216K, 0% used [0x00000000d9680000,0x00000000d9680000,0x00000000d9f80000)
 ParOldGen       total 151552K, used 16K [0x0000000080000000, 0x0000000089400000, 0x00000000d5580000)
  object space 151552K, 0% used [0x0000000080000000,0x0000000080004000,0x0000000089400000)
 Metaspace       used 7563K, capacity 7806K, committed 8064K, reserved 1056768K
  class space    used 955K, capacity 1057K, committed 1152K, reserved 1048576K
}
Event: 1.154 GC heap before
{Heap before GC invocations=2 (full 0):
 PSYoungGen      total 66560K, used 63184K [0x00000000d5580000, 0x00000000d9f80000, 0x0000000100000000)
  eden space 57344K, 100% used [0x00000000d5580000,0x00000000d8d80000,0x00000000d8d80000)
  from space 9216K, 63% used [0x00000000d8d80000,0x00000000d9334320,0x00000000d9680000)
  to   space 9216K, 0% used [0x00000000d9680000,0x00000000d9680000,0x00000000d9f80000)
 ParOldGen       total 151552K, used 16K [0x0000000080000000, 0x0000000089400000, 0x00000000d5580000)
  object space 151552K, 0% used [0x0000000080000000,0x0000000080004000,0x0000000089400000)
 Metaspace       used 8126K, capacity 8394K, committed 8704K, reserved 1056768K
  class space    used 1056K, capacity 1165K, committed 1280K, reserved 1048576K
Event: 1.157 GC heap after
Heap after GC invocations=2 (full 0):
 PSYoungGen      total 66560K, used 5186K [0x00000000d5580000, 0x00000000d9f80000, 0x0000000100000000)
  eden space 57344K, 0% used [0x00000000d5580000,0x00000000d5580000,0x00000000d8d80000)
  from space 9216K, 56% used [0x00000000d9680000,0x00000000d9b90900,0x00000000d9f80000)
  to   space 9216K, 0% used [0x00000000d8d80000,0x00000000d8d80000,0x00000000d9680000)
 ParOldGen       total 151552K, used 24K [0x0000000080000000, 0x0000000089400000, 0x00000000d5580000)
  object space 151552K, 0% used [0x0000000080000000,0x0000000080006000,0x0000000089400000)
 Metaspace       used 8126K, capacity 8394K, committed 8704K, reserved 1056768K
  class space    used 1056K, capacity 1165K, committed 1280K, reserved 1048576K
}
Event: 2.006 GC heap before
{Heap before GC invocations=3 (full 0):
 PSYoungGen      total 66560K, used 62530K [0x00000000d5580000, 0x00000000d9f80000, 0x0000000100000000)
  eden space 57344K, 100% used [0x00000000d5580000,0x00000000d8d80000,0x00000000d8d80000)
  from space 9216K, 56% used [0x00000000d9680000,0x00000000d9b90900,0x00000000d9f80000)
  to   space 9216K, 0% used [0x00000000d8d80000,0x00000000d8d80000,0x00000000d9680000)
 ParOldGen       total 151552K, used 24K [0x0000000080000000, 0x0000000089400000, 0x00000000d5580000)
  object space 151552K, 0% used [0x0000000080000000,0x0000000080006000,0x0000000089400000)
 Metaspace       used 16034K, capacity 16694K, committed 17024K, reserved 1064960K
  class space    used 2182K, capacity 2337K, committed 2432K, reserved 1048576K
Event: 2.012 GC heap after
Heap after GC invocations=3 (full 0):
 PSYoungGen      total 66560K, used 9197K [0x00000000d5580000, 0x00000000d9f80000, 0x0000000100000000)
  eden space 57344K, 0% used [0x00000000d5580000,0x00000000d5580000,0x00000000d8d80000)
  from space 9216K, 99% used [0x00000000d8d80000,0x00000000d967b798,0x00000000d9680000)
  to   space 9216K, 0% used [0x00000000d9680000,0x00000000d9680000,0x00000000d9f80000)
 ParOldGen       total 151552K, used 676K [0x0000000080000000, 0x0000000089400000, 0x00000000d5580000)
  object space 151552K, 0% used [0x0000000080000000,0x00000000800a90a0,0x0000000089400000)
 Metaspace       used 16034K, capacity 16694K, committed 17024K, reserved 1064960K
  class space    used 2182K, capacity 2337K, committed 2432K, reserved 1048576K
}

Deoptimization events (10 events):
Event: 1.250 Thread 0x0000000003082800 Uncommon trap: reason=unstable_if action=reinterpret pc=0x00000000035b3bb8 method=java.util.HashMap.getNode(ILjava/lang/Object;)Ljava/util/HashMap$Node; @ 129
Event: 1.250 Thread 0x0000000003082800 Uncommon trap: reason=bimorphic action=maybe_recompile pc=0x00000000035da3fc method=java.util.HashMap.putVal(ILjava/lang/Object;Ljava/lang/Object;ZZ)Ljava/lang/Object; @ 203
Event: 1.496 Thread 0x0000000003082800 Uncommon trap: reason=unstable_if action=reinterpret pc=0x00000000036f3880 method=java.io.WinNTFileSystem.normalize(Ljava/lang/String;)Ljava/lang/String; @ 128
Event: 1.820 Thread 0x000000001a2a7800 Uncommon trap: reason=unstable_if action=reinterpret pc=0x000000000370e810 method=java.util.regex.Pattern.has(I)Z @ 6
Event: 1.824 Thread 0x000000001a2a7800 Uncommon trap: reason=class_check action=maybe_recompile pc=0x000000000370c0c4 method=java.util.regex.Matcher.match(II)Z @ 86
Event: 1.836 Thread 0x000000001a2a7800 Uncommon trap: reason=unstable_if action=reinterpret pc=0x00000000037dade8 method=java.util.concurrent.ConcurrentHashMap.putVal(Ljava/lang/Object;Ljava/lang/Object;Z)Ljava/lang/Object; @ 206
Event: 1.991 Thread 0x000000001a2a9000 Uncommon trap: reason=unstable_if action=reinterpret pc=0x00000000038f114c method=jdk.internal.org.objectweb.asm.Type.getArgumentsAndReturnSizes(Ljava/lang/String;)I @ 88
Event: 2.106 Thread 0x000000001a2a9000 Uncommon trap: reason=class_check action=maybe_recompile pc=0x000000000370c0c4 method=java.util.regex.Matcher.match(II)Z @ 86
Event: 2.114 Thread 0x000000001a2a9000 Uncommon trap: reason=class_check action=maybe_recompile pc=0x000000000370c0c4 method=java.util.regex.Matcher.match(II)Z @ 86
Event: 2.128 Thread 0x000000001a2a9000 Uncommon trap: reason=class_check action=maybe_recompile pc=0x0000000003504798 method=java.util.regex.Matcher.match(II)Z @ 86

Classes redefined (0 events):
No events

Internal exceptions (10 events):
Event: 0.692 Thread 0x0000000003082800 Exception <a 'java/lang/ArrayIndexOutOfBoundsException'> (0x00000000d7a76ab0) thrown at [C:\re\workspace\8-2-build-windows-amd64-cygwin\jdk8u202\12323\hotspot\src\share\vm\runtime\sharedRuntime.cpp, line 605]
Event: 0.692 Thread 0x0000000003082800 Exception <a 'java/lang/ArrayIndexOutOfBoundsException'> (0x00000000d7a8f738) thrown at [C:\re\workspace\8-2-build-windows-amd64-cygwin\jdk8u202\12323\hotspot\src\share\vm\runtime\sharedRuntime.cpp, line 605]
Event: 1.304 Thread 0x0000000003082800 Exception <a 'java/lang/NoSuchMethodError': java.lang.Object.lambda$get$0(Ljava/util/function/Supplier;Ljava/lang/Object;)Ljava/lang/Object;> (0x00000000d6aabc18) thrown at [C:\re\workspace\8-2-build-windows-amd64-cygwin\jdk8u202\12323\hotspot\src\share\v
Event: 1.798 Thread 0x0000000003082800 Exception <a 'java/io/IOException'> (0x00000000d6f71bf0) thrown at [C:\re\workspace\8-2-build-windows-amd64-cygwin\jdk8u202\12323\hotspot\src\share\vm\prims\jni.cpp, line 710]
Event: 1.838 Thread 0x000000001a2a7800 Exception <a 'java/lang/NoSuchMethodError': <clinit>> (0x00000000d74b8118) thrown at [C:\re\workspace\8-2-build-windows-amd64-cygwin\jdk8u202\12323\hotspot\src\share\vm\prims\jni.cpp, line 1614]
Event: 1.840 Thread 0x000000001a2a7800 Exception <a 'java/lang/NoSuchMethodError': <clinit>> (0x00000000d74d30b8) thrown at [C:\re\workspace\8-2-build-windows-amd64-cygwin\jdk8u202\12323\hotspot\src\share\vm\prims\jni.cpp, line 1614]
Event: 1.840 Thread 0x000000001a2a7800 Exception <a 'java/lang/NoSuchMethodError': <clinit>> (0x00000000d74dc370) thrown at [C:\re\workspace\8-2-build-windows-amd64-cygwin\jdk8u202\12323\hotspot\src\share\vm\prims\jni.cpp, line 1614]
Event: 1.841 Thread 0x000000001a2a7800 Exception <a 'java/lang/NoSuchMethodError': <clinit>> (0x00000000d74f3998) thrown at [C:\re\workspace\8-2-build-windows-amd64-cygwin\jdk8u202\12323\hotspot\src\share\vm\prims\jni.cpp, line 1614]
Event: 1.930 Thread 0x000000001a2a9000 Exception <a 'java/lang/NoSuchMethodError': java.lang.Object.lambda$static$0(Lorg/gradle/internal/state/ModelObject;)Ljava/lang/String;> (0x00000000d7f99a78) thrown at [C:\re\workspace\8-2-build-windows-amd64-cygwin\jdk8u202\12323\hotspot\src\share\vm\int
Event: 1.982 Thread 0x000000001a2a9000 Exception <a 'java/lang/NoSuchMethodError': java.lang.Object.lambda$static$0(Lorg/objectweb/asm/MethodVisitor;)V> (0x00000000d8a16cc0) thrown at [C:\re\workspace\8-2-build-windows-amd64-cygwin\jdk8u202\12323\hotspot\src\share\vm\interpreter\linkResolver.c

Events (10 events):
Event: 2.146 loading class org/gradle/internal/hash/HashCode done
Event: 2.146 Thread 0x000000001e92d000 Thread added: 0x000000001e92d000
Event: 2.147 loading class org/gradle/api/internal/changedetection/state/DefaultResourceSnapshotterCacheService
Event: 2.147 loading class org/gradle/api/internal/changedetection/state/DefaultResourceSnapshotterCacheService done
Event: 2.147 loading class org/gradle/internal/snapshot/FileSystemLocationSnapshot
Event: 2.147 loading class org/gradle/internal/snapshot/FileSystemLocationSnapshot done
Event: 2.148 loading class org/gradle/internal/snapshot/FileSystemNode
Event: 2.148 loading class org/gradle/internal/snapshot/FileSystemNode done
Event: 2.148 loading class org/gradle/internal/snapshot/MetadataSnapshot
Event: 2.148 loading class org/gradle/internal/snapshot/MetadataSnapshot done


Dynamic libraries:
0x00007ff7a9e60000 - 0x00007ff7a9e97000 	C:\Program Files\Java\jdk1.8.0_202\bin\java.exe
0x00007ffc29350000 - 0x00007ffc29567000 	C:\Windows\SYSTEM32\ntdll.dll
0x00007ffc28410000 - 0x00007ffc284d4000 	C:\Windows\System32\KERNEL32.DLL
0x00007ffc26830000 - 0x00007ffc26bea000 	C:\Windows\System32\KERNELBASE.dll
0x00007ffc27a50000 - 0x00007ffc27b02000 	C:\Windows\System32\ADVAPI32.dll
0x00007ffc29260000 - 0x00007ffc29307000 	C:\Windows\System32\msvcrt.dll
0x00007ffc27d50000 - 0x00007ffc27df7000 	C:\Windows\System32\sechost.dll
0x00007ffc26780000 - 0x00007ffc267a8000 	C:\Windows\System32\bcrypt.dll
0x00007ffc27930000 - 0x00007ffc27a44000 	C:\Windows\System32\RPCRT4.dll
0x00007ffc27b10000 - 0x00007ffc27cbe000 	C:\Windows\System32\USER32.dll
0x00007ffc26e30000 - 0x00007ffc26e56000 	C:\Windows\System32\win32u.dll
0x00007ffc28f40000 - 0x00007ffc28f69000 	C:\Windows\System32\GDI32.dll
0x00007ffc26d10000 - 0x00007ffc26e2b000 	C:\Windows\System32\gdi32full.dll
0x00007ffc266e0000 - 0x00007ffc2677a000 	C:\Windows\System32\msvcp_win.dll
0x00007ffc26bf0000 - 0x00007ffc26d01000 	C:\Windows\System32\ucrtbase.dll
0x00007ffc13830000 - 0x00007ffc13ac2000 	C:\Windows\WinSxS\amd64_microsoft.windows.common-controls_6595b64144ccf1df_6.0.22621.4541_none_2710d1c57384c085\COMCTL32.dll
0x00007ffc27e00000 - 0x00007ffc27e31000 	C:\Windows\System32\IMM32.DLL
0x00000000543e0000 - 0x00000000544b2000 	C:\Program Files\Java\jdk1.8.0_202\jre\bin\msvcr100.dll
0x0000000053680000 - 0x0000000053f25000 	C:\Program Files\Java\jdk1.8.0_202\jre\bin\server\jvm.dll
0x00007ffc29090000 - 0x00007ffc29098000 	C:\Windows\System32\PSAPI.DLL
0x00007ffc1ade0000 - 0x00007ffc1adea000 	C:\Windows\SYSTEM32\VERSION.dll
0x00007ffc1ebe0000 - 0x00007ffc1ec14000 	C:\Windows\SYSTEM32\WINMM.dll
0x00007ffc03c20000 - 0x00007ffc03c29000 	C:\Windows\SYSTEM32\WSOCK32.dll
0x00007ffc28330000 - 0x00007ffc283a1000 	C:\Windows\System32\WS2_32.dll
0x00007ffc1ee40000 - 0x00007ffc1ee4f000 	C:\Program Files\Java\jdk1.8.0_202\jre\bin\verify.dll
0x00007ffc13680000 - 0x00007ffc136a9000 	C:\Program Files\Java\jdk1.8.0_202\jre\bin\java.dll
0x00007ffc0f710000 - 0x00007ffc0f733000 	C:\Program Files\Java\jdk1.8.0_202\jre\bin\instrument.dll
0x00007ffc105d0000 - 0x00007ffc105e6000 	C:\Program Files\Java\jdk1.8.0_202\jre\bin\zip.dll
0x00007ffc27080000 - 0x00007ffc278f8000 	C:\Windows\System32\SHELL32.dll
0x00007ffc24510000 - 0x00007ffc24e18000 	C:\Windows\SYSTEM32\windows.storage.dll
0x00007ffc28bb0000 - 0x00007ffc28f3f000 	C:\Windows\System32\combase.dll
0x00007ffc243d0000 - 0x00007ffc2450f000 	C:\Windows\SYSTEM32\wintypes.dll
0x00007ffc28900000 - 0x00007ffc289fa000 	C:\Windows\System32\SHCORE.dll
0x00007ffc27e40000 - 0x00007ffc27e9e000 	C:\Windows\System32\shlwapi.dll
0x00007ffc26550000 - 0x00007ffc2657b000 	C:\Windows\SYSTEM32\profapi.dll
0x00007ffc0f6f0000 - 0x00007ffc0f70a000 	C:\Program Files\Java\jdk1.8.0_202\jre\bin\net.dll
0x00007ffc14f40000 - 0x00007ffc15130000 	C:\Windows\SYSTEM32\urlmon.dll
0x00007ffc14b60000 - 0x00007ffc14e1e000 	C:\Windows\SYSTEM32\iertutil.dll
0x00007ffc1c5e0000 - 0x00007ffc1c608000 	C:\Windows\SYSTEM32\srvcli.dll
0x00007ffc25040000 - 0x00007ffc2504c000 	C:\Windows\SYSTEM32\netutils.dll
0x00007ffc25a90000 - 0x00007ffc25af9000 	C:\Windows\system32\mswsock.dll
0x00007ffc0f6d0000 - 0x00007ffc0f6e2000 	C:\Program Files\Java\jdk1.8.0_202\jre\bin\nio.dll
0x00007ffc02d90000 - 0x00007ffc02db7000 	C:\Users\user\.gradle\native\c067742578af261105cb4f569cf0c3c89f3d7b1fecec35dd04571415982c5e48\windows-amd64\native-platform.dll
0x00007ffc0eb30000 - 0x00007ffc0ec74000 	C:\Users\user\.gradle\native\38dada09dfb8b06ba9b0570ebf7e218e3eb74d4ef43ca46872605cf95ebc2f47\windows-amd64\native-platform-file-events.dll
0x00007ffc13630000 - 0x00007ffc1363d000 	C:\Program Files\Java\jdk1.8.0_202\jre\bin\management.dll
0x00007ffc25de0000 - 0x00007ffc25dfb000 	C:\Windows\SYSTEM32\CRYPTSP.dll
0x00007ffc255a0000 - 0x00007ffc255d5000 	C:\Windows\system32\rsaenh.dll
0x00007ffc25b30000 - 0x00007ffc25b58000 	C:\Windows\SYSTEM32\USERENV.dll
0x00007ffc26fd0000 - 0x00007ffc2704b000 	C:\Windows\System32\bcryptprimitives.dll
0x00007ffc25dc0000 - 0x00007ffc25dcc000 	C:\Windows\SYSTEM32\CRYPTBASE.dll
0x00007ffc250c0000 - 0x00007ffc250ed000 	C:\Windows\SYSTEM32\IPHLPAPI.DLL
0x00007ffc27900000 - 0x00007ffc27909000 	C:\Windows\System32\NSI.dll
0x00007ffc20dd0000 - 0x00007ffc20de9000 	C:\Windows\SYSTEM32\dhcpcsvc6.DLL
0x00007ffc1f2c0000 - 0x00007ffc1f2df000 	C:\Windows\SYSTEM32\dhcpcsvc.DLL
0x00007ffc250f0000 - 0x00007ffc251f2000 	C:\Windows\SYSTEM32\DNSAPI.dll

VM Arguments:
jvm_args: -Xmx2048m -Dfile.encoding=UTF-8 -Duser.country=US -Duser.language=en -Duser.variant -javaagent:C:\Users\user\.gradle\wrapper\dists\gradle-8.7-bin\bhs2wmbdwecv87pi65oeuq5iu\gradle-8.7\lib\agents\gradle-instrumentation-agent-8.7.jar 
java_command: org.gradle.launcher.daemon.bootstrap.GradleDaemon 8.7
java_class_path (initial): C:\Users\user\.gradle\wrapper\dists\gradle-8.7-bin\bhs2wmbdwecv87pi65oeuq5iu\gradle-8.7\lib\gradle-launcher-8.7.jar;C:\Users\user\.gradle\wrapper\dists\gradle-8.7-bin\bhs2wmbdwecv87pi65oeuq5iu\gradle-8.7\lib\agents\gradle-instrumentation-agent-8.7.jar
Launcher Type: SUN_STANDARD

Environment Variables:
JAVA_HOME=C:\Program Files\Java\jdk1.8.0_202
PATH=C:\Program Files\Java\jdk-22;C:\Program Files\Common Files\Oracle\Java\javapath;C:\Program Files (x86)\Common Files\Oracle\Java\java8path;C:\Program Files (x86)\Common Files\Oracle\Java\javapath;C:\Program Files\Java\jdk1.8.0_202\bin;C:\Program Files (x86)\VMware\VMware Workstation\bin\;D:\kotlinc\bin;C:\Windows\system32;C:\Windows;C:\Windows\System32\Wbem;C:\Windows\System32\WindowsPowerShell\v1.0\;C:\Windows\System32\OpenSSH\;C:\Program Files (x86)\NVIDIA Corporation\PhysX\Common;C:\Program Files\NVIDIA Corporation\NVIDIA NvDLISR;C:\Program Files\Java\jdk1.8.0_202\bin;C:\Program Files\dotnet\;C:\Program Files\Microsoft SQL Server\150\Tools\Binn\;C:\Program Files\Git\cmd;C:\Users\user\AppData\Local\Microsoft\WindowsApps;C:\Users\user\Ahmed\flutter\bin;C:\Program Files\Java\jdk1.8.0_202\bin
USERNAME=user
OS=Windows_NT
PROCESSOR_IDENTIFIER=AMD64 Family 25 Model 80 Stepping 0, AuthenticAMD



---------------  S Y S T E M  ---------------

OS: Windows 10.0 , 64 bit Build 22621 (10.0.22621.4391)

CPU:total 16 (initial active 16) (16 cores per cpu, 1 threads per core) family 25 model 80 stepping 0, cmov, cx8, fxsr, mmx, sse, sse2, sse3, ssse3, sse4.1, sse4.2, popcnt, avx, avx2, aes, clmul, erms, mmxext, 3dnowpref, lzcnt, sse4a, tsc, tscinvbit, tscinv, bmi1

Memory: 4k page, physical 14528572k(166408k free), swap 26816572k(5144k free)

vm_info: Java HotSpot(TM) 64-Bit Server VM (25.202-b08) for windows-amd64 JRE (1.8.0_202-b08), built on Dec 15 2018 19:54:30 by "java_re" with MS VC++ 10.0 (VS2010)

time: Thu Dec 19 17:16:12 2024
timezone: Egypt Standard Time
elapsed time: 2 seconds (0d 0h 0m 2s)

