#
# There is insufficient memory for the Java Runtime Environment to continue.
# Native memory allocation (malloc) failed to allocate 212816 bytes for Chunk::new
# Possible reasons:
#   The system is out of physical RAM or swap space
#   The process is running with CompressedOops enabled, and the Java Heap may be blocking the growth of the native heap
# Possible solutions:
#   Reduce memory load on the system
#   Increase physical memory or swap space
#   Check if swap backing store is full
#   Decrease Java heap size (-Xmx/-Xms)
#   Decrease number of Java threads
#   Decrease Java thread stack sizes (-Xss)
#   Set larger code cache with -XX:ReservedCodeCacheSize=
#   JVM is running with Unscaled Compressed Oops mode in which the Java heap is
#     placed in the first 4GB address space. The Java Heap base address is the
#     maximum limit for the native heap growth. Please use -XX:HeapBaseMinAddress
#     to set the Java Heap base and to place the Java Heap above 4GB virtual address.
# This output file may be truncated or incomplete.
#
#  Out of Memory Error (allocation.cpp:389), pid=16216, tid=0x0000000000000ab4
#
# JRE version: Java(TM) SE Runtime Environment (8.0_202-b08) (build 1.8.0_202-b08)
# Java VM: Java HotSpot(TM) 64-Bit Server VM (25.202-b08 mixed mode windows-amd64 compressed oops)
# Failed to write core dump. Minidumps are not enabled by default on client versions of Windows
#

---------------  T H R E A D  ---------------

Current thread (0x0000000019bff000):  JavaThread "C2 CompilerThread0" daemon [_thread_in_native, id=2740, stack(0x000000001b7d0000,0x000000001b8d0000)]

Stack: [0x000000001b7d0000,0x000000001b8d0000]
[error occurred during error reporting (printing stack bounds), id 0xc0000005]

Native frames: (J=compiled Java code, j=interpreted, Vv=VM code, C=native code)


Current CompileTask:
C2:  13505 3050  s    4       sun.misc.URLClassPath::getNextLoader (88 bytes)


---------------  P R O C E S S  ---------------

Java Threads: ( => current thread )
  0x0000000021b15800 JavaThread "Cache worker for file content cache (C:\Users\user\.gradle\caches\8.7\fileContent)" [_thread_blocked, id=10480, stack(0x0000000024810000,0x0000000024910000)]
  0x0000000021b10800 JavaThread "Cache worker for cache directory md-rule (C:\Users\user\.gradle\caches\8.7\md-rule)" [_thread_blocked, id=20056, stack(0x0000000024710000,0x0000000024810000)]
  0x000000001e16d800 JavaThread "Cache worker for cache directory md-supplier (C:\Users\user\.gradle\caches\8.7\md-supplier)" [_thread_blocked, id=20864, stack(0x0000000024610000,0x0000000024710000)]
  0x000000001e16d000 JavaThread "Cache worker for checksums cache (D:\GDGEventsApp\.gradle\8.7\checksums)" [_thread_blocked, id=17344, stack(0x0000000024310000,0x0000000024410000)]
  0x000000001e169000 JavaThread "jar transforms Thread 16" [_thread_blocked, id=21020, stack(0x0000000024010000,0x0000000024110000)]
  0x000000001e16a800 JavaThread "jar transforms Thread 15" [_thread_blocked, id=7232, stack(0x0000000023f10000,0x0000000024010000)]
  0x000000001e16a000 JavaThread "jar transforms Thread 14" [_thread_blocked, id=6992, stack(0x0000000023e10000,0x0000000023f10000)]
  0x000000001e170000 JavaThread "jar transforms Thread 13" [_thread_blocked, id=7812, stack(0x0000000023d10000,0x0000000023e10000)]
  0x000000001e16e800 JavaThread "jar transforms Thread 12" [_thread_blocked, id=21108, stack(0x0000000023c10000,0x0000000023d10000)]
  0x000000001e168000 JavaThread "jar transforms Thread 11" [_thread_blocked, id=4088, stack(0x0000000023b10000,0x0000000023c10000)]
  0x000000001e16c000 JavaThread "jar transforms Thread 10" [_thread_blocked, id=21164, stack(0x0000000023a10000,0x0000000023b10000)]
  0x000000001e16f000 JavaThread "jar transforms Thread 9" [_thread_blocked, id=11720, stack(0x0000000023910000,0x0000000023a10000)]
  0x000000001e16b800 JavaThread "jar transforms Thread 8" [_thread_blocked, id=16812, stack(0x0000000023810000,0x0000000023910000)]
  0x000000001e160800 JavaThread "jar transforms Thread 7" [_thread_blocked, id=19956, stack(0x0000000023710000,0x0000000023810000)]
  0x000000001e167800 JavaThread "jar transforms Thread 6" [_thread_blocked, id=18616, stack(0x0000000023610000,0x0000000023710000)]
  0x000000001e165000 JavaThread "jar transforms Thread 5" [_thread_blocked, id=11584, stack(0x0000000023510000,0x0000000023610000)]
  0x000000001e164800 JavaThread "jar transforms Thread 4" [_thread_blocked, id=20988, stack(0x0000000023410000,0x0000000023510000)]
  0x000000001e166800 JavaThread "jar transforms Thread 3" [_thread_blocked, id=5532, stack(0x0000000023310000,0x0000000023410000)]
  0x000000001e166000 JavaThread "jar transforms Thread 2" [_thread_blocked, id=21232, stack(0x0000000023210000,0x0000000023310000)]
  0x000000001e162000 JavaThread "jar transforms" [_thread_blocked, id=20920, stack(0x0000000023110000,0x0000000023210000)]
  0x000000001e163800 JavaThread "File watcher consumer" daemon [_thread_blocked, id=18000, stack(0x0000000023010000,0x0000000023110000)]
  0x000000001e163000 JavaThread "File watcher server" daemon [_thread_in_native, id=12492, stack(0x0000000022e10000,0x0000000022f10000)]
  0x000000001e161800 JavaThread "Cache worker for file hash cache (D:\GDGEventsApp\.gradle\8.7\fileHashes)" [_thread_blocked, id=21036, stack(0x00000000226a0000,0x00000000227a0000)]
  0x0000000019c9d800 JavaThread "Cache worker for file hash cache (C:\Users\user\.gradle\caches\8.7\fileHashes)" [_thread_blocked, id=20184, stack(0x00000000225a0000,0x00000000226a0000)]
  0x0000000019c9d000 JavaThread "File lock request listener" [_thread_in_native, id=17680, stack(0x00000000214d0000,0x00000000215d0000)]
  0x0000000019ca3800 JavaThread "Cache worker for journal cache (C:\Users\user\.gradle\caches\journal-1)" [_thread_blocked, id=3860, stack(0x00000000213d0000,0x00000000214d0000)]
  0x0000000019d48000 JavaThread "Daemon client event forwarder" [_thread_blocked, id=18100, stack(0x000000001ff00000,0x0000000020000000)]
  0x000000001dea7000 JavaThread "Stdin handler" [_thread_blocked, id=10632, stack(0x000000001fe00000,0x000000001ff00000)]
  0x000000001dea6000 JavaThread "Asynchronous log dispatcher for DefaultDaemonConnection: socket connection from /127.0.0.1:63320 to /127.0.0.1:63321" [_thread_blocked, id=12972, stack(0x000000001fd00000,0x000000001fe00000)]
  0x000000001cc68800 JavaThread "Daemon worker" [_thread_in_vm, id=3896, stack(0x000000001fc00000,0x000000001fd00000)]
  0x000000001cc78000 JavaThread "Cancel handler" [_thread_blocked, id=19728, stack(0x000000001fb00000,0x000000001fc00000)]
  0x000000001d6cd000 JavaThread "Handler for socket connection from /127.0.0.1:63320 to /127.0.0.1:63321" [_thread_in_native, id=11328, stack(0x000000001fa00000,0x000000001fb00000)]
  0x000000001d6ca800 JavaThread "Daemon" [_thread_blocked, id=19492, stack(0x000000001f900000,0x000000001fa00000)]
  0x000000001d675000 JavaThread "Daemon periodic checks" [_thread_blocked, id=16308, stack(0x000000001f800000,0x000000001f900000)]
  0x0000000019bcd000 JavaThread "Incoming local TCP Connector on port 63320" [_thread_in_native, id=17332, stack(0x000000001f5b0000,0x000000001f6b0000)]
  0x000000001c87e000 JavaThread "Daemon health stats" [_thread_blocked, id=1696, stack(0x000000001ef70000,0x000000001f070000)]
  0x0000000019d18000 JavaThread "Service Thread" daemon [_thread_blocked, id=12348, stack(0x000000001c3d0000,0x000000001c4d0000)]
  0x0000000019ca2000 JavaThread "C1 CompilerThread11" daemon [_thread_blocked, id=9080, stack(0x000000001c2d0000,0x000000001c3d0000)]
  0x0000000019ca0800 JavaThread "C1 CompilerThread10" daemon [_thread_blocked, id=3040, stack(0x000000001c1d0000,0x000000001c2d0000)]
  0x0000000019c9f000 JavaThread "C1 CompilerThread9" daemon [_thread_blocked, id=20064, stack(0x000000001c0d0000,0x000000001c1d0000)]
  0x0000000019ca1800 JavaThread "C1 CompilerThread8" daemon [_thread_blocked, id=16632, stack(0x000000001bfd0000,0x000000001c0d0000)]
  0x0000000019ca0000 JavaThread "C2 CompilerThread7" daemon [_thread_blocked, id=19020, stack(0x000000001bed0000,0x000000001bfd0000)]
  0x0000000019c9e800 JavaThread "C2 CompilerThread6" daemon [_thread_blocked, id=17568, stack(0x000000001bdd0000,0x000000001bed0000)]
  0x0000000019c84000 JavaThread "C2 CompilerThread5" daemon [_thread_blocked, id=18628, stack(0x000000001bcd0000,0x000000001bdd0000)]
  0x0000000019c0f000 JavaThread "C2 CompilerThread4" daemon [_thread_blocked, id=2592, stack(0x000000001bbd0000,0x000000001bcd0000)]
  0x0000000019c03000 JavaThread "C2 CompilerThread3" daemon [_thread_in_native, id=18796, stack(0x000000001bad0000,0x000000001bbd0000)]
  0x0000000019c00800 JavaThread "C2 CompilerThread2" daemon [_thread_blocked, id=1440, stack(0x000000001b9d0000,0x000000001bad0000)]
  0x0000000019bff800 JavaThread "C2 CompilerThread1" daemon [_thread_blocked, id=6964, stack(0x000000001b8d0000,0x000000001b9d0000)]
=>0x0000000019bff000 JavaThread "C2 CompilerThread0" daemon [_thread_in_native, id=2740, stack(0x000000001b7d0000,0x000000001b8d0000)]
  0x0000000019b83800 JavaThread "Attach Listener" daemon [_thread_blocked, id=19044, stack(0x000000001b6d0000,0x000000001b7d0000)]
  0x0000000019b80800 JavaThread "Signal Dispatcher" daemon [_thread_blocked, id=4928, stack(0x000000001b5d0000,0x000000001b6d0000)]
  0x00000000180f6800 JavaThread "Finalizer" daemon [_thread_blocked, id=11864, stack(0x000000001b3d0000,0x000000001b4d0000)]
  0x0000000019b66000 JavaThread "Reference Handler" daemon [_thread_blocked, id=20544, stack(0x000000001b2d0000,0x000000001b3d0000)]
  0x0000000002a82800 JavaThread "main" [_thread_blocked, id=16528, stack(0x0000000002720000,0x0000000002820000)]

Other Threads:
  0x0000000019b43800 VMThread [stack: 0x000000001b1d0000,0x000000001b2d0000] [id=5576]
  0x0000000019d1f000 WatcherThread [stack: 0x000000001c4d0000,0x000000001c5d0000] [id=9196]

VM state:not at safepoint (normal execution)

VM Mutex/Monitor currently owned by a thread: None

heap address: 0x0000000080000000, size: 2048 MB, Compressed Oops mode: 32-bit
Narrow klass base: 0x0000000000000000, Narrow klass shift: 3
Compressed class space size: 1073741824 Address: 0x0000000100000000

Heap:
 PSYoungGen      total 123904K, used 106547K [0x00000000d5580000, 0x00000000e3c80000, 0x0000000100000000)
  eden space 114688K, 84% used [0x00000000d5580000,0x00000000db48f678,0x00000000dc580000)
  from space 9216K, 99% used [0x00000000dc580000,0x00000000dce7d728,0x00000000dce80000)
  to   space 12800K, 0% used [0x00000000e3000000,0x00000000e3000000,0x00000000e3c80000)
 ParOldGen       total 78336K, used 8549K [0x0000000080000000, 0x0000000084c80000, 0x00000000d5580000)
  object space 78336K, 10% used [0x0000000080000000,0x0000000080859680,0x0000000084c80000)
 Metaspace       used 32856K, capacity 34960K, committed 35072K, reserved 1079296K
  class space    used 4920K, capacity 5365K, committed 5376K, reserved 1048576K

Card table byte_map: [0x0000000011f40000,0x0000000012350000] byte_map_base: 0x0000000011b40000

Marking Bits: (ParMarkBitMap*) 0x0000000053ea5ce0
 Begin Bits: [0x0000000013300000, 0x0000000015300000)
 End Bits:   [0x0000000015300000, 0x0000000017300000)

Polling page: 0x0000000000e20000

CodeCache: size=245760Kb used=11110Kb max_used=11124Kb free=234649Kb
 bounds [0x0000000002b80000, 0x0000000003670000, 0x0000000011b80000]
 total_blobs=3337 nmethods=2852 adapters=395
 compilation: enabled

Compilation events (10 events):
Event: 13.493 Thread 0x0000000019c0f000 3090       4       sun.misc.URLClassPath$JarLoader$2::getCodeSigners (8 bytes)
Event: 13.494 Thread 0x0000000019ca2000 3091       3       org.codehaus.groovy.reflection.CachedClass::getInterfaces (11 bytes)
Event: 13.494 Thread 0x0000000019ca0800 3092       3       org.codehaus.groovy.util.ReferenceType$1::createReference (11 bytes)
Event: 13.494 Thread 0x0000000019ca1800 3093       3       org.codehaus.groovy.util.ReferenceType$SoftRef::<init> (12 bytes)
Event: 13.494 Thread 0x0000000019c00800 nmethod 3023 0x0000000003659150 code [0x0000000003659660, 0x000000000365d978]
Event: 13.495 Thread 0x0000000019ca2000 nmethod 3091 0x000000000364e910 code [0x000000000364ea80, 0x000000000364ed88]
Event: 13.495 Thread 0x0000000019ca0800 nmethod 3092 0x000000000364e190 code [0x000000000364e320, 0x000000000364e710]
Event: 13.495 Thread 0x0000000019ca1800 nmethod 3093 0x000000000364db90 code [0x000000000364dd00, 0x000000000364e030]
Event: 13.499 Thread 0x0000000019c0f000 nmethod 3090 0x0000000003651950 code [0x0000000003651ae0, 0x0000000003652038]
Event: 13.500 Thread 0x0000000019c9e800 nmethod 3089 0x00000000036529d0 code [0x0000000003652b60, 0x0000000003653328]

GC Heap History (10 events):
Event: 6.377 GC heap before
{Heap before GC invocations=2 (full 0):
 PSYoungGen      total 66560K, used 63143K [0x00000000d5580000, 0x00000000dd780000, 0x0000000100000000)
  eden space 57344K, 100% used [0x00000000d5580000,0x00000000d8d80000,0x00000000d8d80000)
  from space 9216K, 62% used [0x00000000d8d80000,0x00000000d9329f20,0x00000000d9680000)
  to   space 9216K, 0% used [0x00000000dce80000,0x00000000dce80000,0x00000000dd780000)
 ParOldGen       total 151552K, used 16K [0x0000000080000000, 0x0000000089400000, 0x00000000d5580000)
  object space 151552K, 0% used [0x0000000080000000,0x0000000080004000,0x0000000089400000)
 Metaspace       used 8089K, capacity 8362K, committed 8576K, reserved 1056768K
  class space    used 1051K, capacity 1133K, committed 1152K, reserved 1048576K
Event: 6.381 GC heap after
Heap after GC invocations=2 (full 0):
 PSYoungGen      total 123904K, used 5132K [0x00000000d5580000, 0x00000000dd780000, 0x0000000100000000)
  eden space 114688K, 0% used [0x00000000d5580000,0x00000000d5580000,0x00000000dc580000)
  from space 9216K, 55% used [0x00000000dce80000,0x00000000dd3831e8,0x00000000dd780000)
  to   space 9216K, 0% used [0x00000000dc580000,0x00000000dc580000,0x00000000dce80000)
 ParOldGen       total 151552K, used 24K [0x0000000080000000, 0x0000000089400000, 0x00000000d5580000)
  object space 151552K, 0% used [0x0000000080000000,0x0000000080006000,0x0000000089400000)
 Metaspace       used 8089K, capacity 8362K, committed 8576K, reserved 1056768K
  class space    used 1051K, capacity 1133K, committed 1152K, reserved 1048576K
}
Event: 11.498 GC heap before
{Heap before GC invocations=3 (full 0):
 PSYoungGen      total 123904K, used 119820K [0x00000000d5580000, 0x00000000dd780000, 0x0000000100000000)
  eden space 114688K, 100% used [0x00000000d5580000,0x00000000dc580000,0x00000000dc580000)
  from space 9216K, 55% used [0x00000000dce80000,0x00000000dd3831e8,0x00000000dd780000)
  to   space 9216K, 0% used [0x00000000dc580000,0x00000000dc580000,0x00000000dce80000)
 ParOldGen       total 151552K, used 24K [0x0000000080000000, 0x0000000089400000, 0x00000000d5580000)
  object space 151552K, 0% used [0x0000000080000000,0x0000000080006000,0x0000000089400000)
 Metaspace       used 19457K, capacity 20450K, committed 20736K, reserved 1067008K
  class space    used 2742K, capacity 3007K, committed 3072K, reserved 1048576K
Event: 11.506 GC heap after
Heap after GC invocations=3 (full 0):
 PSYoungGen      total 123904K, used 9213K [0x00000000d5580000, 0x00000000dd780000, 0x0000000100000000)
  eden space 114688K, 0% used [0x00000000d5580000,0x00000000d5580000,0x00000000dc580000)
  from space 9216K, 99% used [0x00000000dc580000,0x00000000dce7f5f0,0x00000000dce80000)
  to   space 9216K, 0% used [0x00000000dce80000,0x00000000dce80000,0x00000000dd780000)
 ParOldGen       total 151552K, used 4795K [0x0000000080000000, 0x0000000089400000, 0x00000000d5580000)
  object space 151552K, 3% used [0x0000000080000000,0x00000000804aeda8,0x0000000089400000)
 Metaspace       used 19457K, capacity 20450K, committed 20736K, reserved 1067008K
  class space    used 2742K, capacity 3007K, committed 3072K, reserved 1048576K
}
Event: 11.615 GC heap before
{Heap before GC invocations=4 (full 0):
 PSYoungGen      total 123904K, used 33326K [0x00000000d5580000, 0x00000000dd780000, 0x0000000100000000)
  eden space 114688K, 21% used [0x00000000d5580000,0x00000000d6d0c3b0,0x00000000dc580000)
  from space 9216K, 99% used [0x00000000dc580000,0x00000000dce7f5f0,0x00000000dce80000)
  to   space 9216K, 0% used [0x00000000dce80000,0x00000000dce80000,0x00000000dd780000)
 ParOldGen       total 151552K, used 4795K [0x0000000080000000, 0x0000000089400000, 0x00000000d5580000)
  object space 151552K, 3% used [0x0000000080000000,0x00000000804aeda8,0x0000000089400000)
 Metaspace       used 20254K, capacity 21160K, committed 21296K, reserved 1067008K
  class space    used 2880K, capacity 3110K, committed 3200K, reserved 1048576K
Event: 11.620 GC heap after
Heap after GC invocations=4 (full 0):
 PSYoungGen      total 123904K, used 8153K [0x00000000d5580000, 0x00000000dd780000, 0x0000000100000000)
  eden space 114688K, 0% used [0x00000000d5580000,0x00000000d5580000,0x00000000dc580000)
  from space 9216K, 88% used [0x00000000dce80000,0x00000000dd6767b0,0x00000000dd780000)
  to   space 9216K, 0% used [0x00000000dc580000,0x00000000dc580000,0x00000000dce80000)
 ParOldGen       total 151552K, used 4803K [0x0000000080000000, 0x0000000089400000, 0x00000000d5580000)
  object space 151552K, 3% used [0x0000000080000000,0x00000000804b0da8,0x0000000089400000)
 Metaspace       used 20254K, capacity 21160K, committed 21296K, reserved 1067008K
  class space    used 2880K, capacity 3110K, committed 3200K, reserved 1048576K
}
Event: 11.620 GC heap before
{Heap before GC invocations=5 (full 1):
 PSYoungGen      total 123904K, used 8153K [0x00000000d5580000, 0x00000000dd780000, 0x0000000100000000)
  eden space 114688K, 0% used [0x00000000d5580000,0x00000000d5580000,0x00000000dc580000)
  from space 9216K, 88% used [0x00000000dce80000,0x00000000dd6767b0,0x00000000dd780000)
  to   space 9216K, 0% used [0x00000000dc580000,0x00000000dc580000,0x00000000dce80000)
 ParOldGen       total 151552K, used 4803K [0x0000000080000000, 0x0000000089400000, 0x00000000d5580000)
  object space 151552K, 3% used [0x0000000080000000,0x00000000804b0da8,0x0000000089400000)
 Metaspace       used 20254K, capacity 21160K, committed 21296K, reserved 1067008K
  class space    used 2880K, capacity 3110K, committed 3200K, reserved 1048576K
Event: 11.648 GC heap after
Heap after GC invocations=5 (full 1):
 PSYoungGen      total 123904K, used 0K [0x00000000d5580000, 0x00000000dd780000, 0x0000000100000000)
  eden space 114688K, 0% used [0x00000000d5580000,0x00000000d5580000,0x00000000dc580000)
  from space 9216K, 0% used [0x00000000dce80000,0x00000000dce80000,0x00000000dd780000)
  to   space 9216K, 0% used [0x00000000dc580000,0x00000000dc580000,0x00000000dce80000)
 ParOldGen       total 78336K, used 8330K [0x0000000080000000, 0x0000000084c80000, 0x00000000d5580000)
  object space 78336K, 10% used [0x0000000080000000,0x0000000080822890,0x0000000084c80000)
 Metaspace       used 20254K, capacity 21160K, committed 21296K, reserved 1067008K
  class space    used 2880K, capacity 3110K, committed 3200K, reserved 1048576K
}
Event: 12.418 GC heap before
{Heap before GC invocations=6 (full 1):
 PSYoungGen      total 123904K, used 114688K [0x00000000d5580000, 0x00000000dd780000, 0x0000000100000000)
  eden space 114688K, 100% used [0x00000000d5580000,0x00000000dc580000,0x00000000dc580000)
  from space 9216K, 0% used [0x00000000dce80000,0x00000000dce80000,0x00000000dd780000)
  to   space 9216K, 0% used [0x00000000dc580000,0x00000000dc580000,0x00000000dce80000)
 ParOldGen       total 78336K, used 8330K [0x0000000080000000, 0x0000000084c80000, 0x00000000d5580000)
  object space 78336K, 10% used [0x0000000080000000,0x0000000080822890,0x0000000084c80000)
 Metaspace       used 26399K, capacity 28004K, committed 28160K, reserved 1073152K
  class space    used 3924K, capacity 4266K, committed 4352K, reserved 1048576K
Event: 12.423 GC heap after
Heap after GC invocations=6 (full 1):
 PSYoungGen      total 123904K, used 9205K [0x00000000d5580000, 0x00000000e3c80000, 0x0000000100000000)
  eden space 114688K, 0% used [0x00000000d5580000,0x00000000d5580000,0x00000000dc580000)
  from space 9216K, 99% used [0x00000000dc580000,0x00000000dce7d728,0x00000000dce80000)
  to   space 12800K, 0% used [0x00000000e3000000,0x00000000e3000000,0x00000000e3c80000)
 ParOldGen       total 78336K, used 8549K [0x0000000080000000, 0x0000000084c80000, 0x00000000d5580000)
  object space 78336K, 10% used [0x0000000080000000,0x0000000080859680,0x0000000084c80000)
 Metaspace       used 26399K, capacity 28004K, committed 28160K, reserved 1073152K
  class space    used 3924K, capacity 4266K, committed 4352K, reserved 1048576K
}

Deoptimization events (10 events):
Event: 12.391 Thread 0x000000001cc68800 Uncommon trap: reason=unstable_if action=reinterpret pc=0x00000000034c1790 method=java.net.URLStreamHandler.sameFile(Ljava/net/URL;Ljava/net/URL;)Z @ 63
Event: 12.416 Thread 0x000000001cc68800 Uncommon trap: reason=unstable_if action=reinterpret pc=0x00000000031110d8 method=java.util.Properties$LineReader.readLine()I @ 252
Event: 12.589 Thread 0x000000001cc68800 Uncommon trap: reason=unstable_if action=reinterpret pc=0x0000000002e39d80 method=java.util.HashMap.hash(Ljava/lang/Object;)I @ 1
Event: 12.589 Thread 0x000000001cc68800 Uncommon trap: reason=unstable_if action=reinterpret pc=0x0000000003095ea8 method=java.util.HashMap.hash(Ljava/lang/Object;)I @ 1
Event: 13.387 Thread 0x000000001cc68800 Uncommon trap: reason=unstable_if action=reinterpret pc=0x00000000034a5300 method=java.lang.ClassLoader.getClassLoadingLock(Ljava/lang/String;)Ljava/lang/Object; @ 6
Event: 13.445 Thread 0x000000001cc68800 Uncommon trap: reason=bimorphic action=maybe_recompile pc=0x000000000347e79c method=java.io.BufferedInputStream.read([BII)I @ 101
Event: 13.445 Thread 0x000000001cc68800 Uncommon trap: reason=bimorphic action=maybe_recompile pc=0x000000000347e79c method=java.io.BufferedInputStream.read([BII)I @ 101
Event: 13.446 Thread 0x000000001cc68800 Uncommon trap: reason=bimorphic action=maybe_recompile pc=0x000000000347e79c method=java.io.BufferedInputStream.read([BII)I @ 101
Event: 13.446 Thread 0x000000001cc68800 Uncommon trap: reason=bimorphic action=maybe_recompile pc=0x000000000347e79c method=java.io.BufferedInputStream.read([BII)I @ 101
Event: 13.464 Thread 0x000000001cc68800 Uncommon trap: reason=unstable_if action=reinterpret pc=0x00000000030dfa98 method=sun.misc.MetaIndex.mayContain(Ljava/lang/String;)Z @ 38

Classes redefined (0 events):
No events

Internal exceptions (10 events):
Event: 12.478 Thread 0x000000001cc68800 Exception <a 'java/lang/NoSuchMethodError': java.lang.Object.lambda$createFactory$0(Lorg/gradle/api/internal/DocumentationRegistry;Lorg/gradle/internal/resource/transport/http/HttpSettings;)Lorg/gradle/internal/resource/transport/http/HttpClientHelper;> (
Event: 12.513 Thread 0x000000001cc68800 Exception <a 'java/lang/NoSuchMethodError': java.lang.Object.lambda$withReadOnlyCache$0(Ljava/util/function/BiFunction;Lorg/gradle/api/internal/artifacts/ivyservice/ArtifactCacheMetadata;)Ljava/lang/Object;> (0x00000000d69d08a8) thrown at [C:\re\workspace
Event: 12.529 Thread 0x000000001cc68800 Exception <a 'java/lang/NoSuchMethodError': java.lang.Object.lambda$static$0(Lorg/gradle/api/internal/artifacts/ivyservice/ivyresolve/ModuleComponentRepository;)Lorg/gradle/api/internal/artifacts/ivyservice/ivyresolve/ModuleComponentRepository;> (0x000000
Event: 12.532 Thread 0x000000001cc68800 Exception <a 'java/lang/NoSuchMethodError': java.lang.Object.lambda$static$0(Lorg/gradle/api/internal/project/ProjectState;Ljava/util/function/Function;)Lorg/gradle/internal/component/local/model/LocalComponentGraphResolveState;> (0x00000000d6ef8858) thro
Event: 12.589 Thread 0x000000001cc68800 Implicit null exception at 0x0000000002e39b95 to 0x0000000002e39d71
Event: 12.589 Thread 0x000000001cc68800 Implicit null exception at 0x0000000003095e2f to 0x0000000003095e99
Event: 12.723 Thread 0x000000001cc68800 Exception <a 'java/lang/NoSuchMethodError': java.lang.Object.lambda$isEqual$3(Ljava/lang/Object;Ljava/lang/Object;)Z> (0x00000000d928a298) thrown at [C:\re\workspace\8-2-build-windows-amd64-cygwin\jdk8u202\12323\hotspot\src\share\vm\interpreter\linkResolv
Event: 12.809 Thread 0x000000001cc68800 Exception <a 'java/lang/NoSuchMethodError': java.lang.Object.lambda$static$0(Ljava/lang/Class;)Ljava/util/Optional;> (0x00000000da1b6798) thrown at [C:\re\workspace\8-2-build-windows-amd64-cygwin\jdk8u202\12323\hotspot\src\share\vm\interpreter\linkResolve
Event: 12.812 Thread 0x000000001cc68800 Exception <a 'java/lang/IncompatibleClassChangeError': Found class java.lang.Object, but interface was expected> (0x00000000da215260) thrown at [C:\re\workspace\8-2-build-windows-amd64-cygwin\jdk8u202\12323\hotspot\src\share\vm\interpreter\linkResolver.cp
Event: 12.824 Thread 0x000000001cc68800 Exception <a 'java/lang/NoSuchMethodError': java.lang.Object.lambda$comparing$ea9a8b3a$1(Ljava/util/Comparator;Ljava/util/function/Function;Ljava/lang/Object;Ljava/lang/Object;)I> (0x00000000da3b12a8) thrown at [C:\re\workspace\8-2-build-windows-amd64-cyg

Events (10 events):
Event: 13.494 loading class java/io/UnsupportedEncodingException
Event: 13.494 loading class java/io/UnsupportedEncodingException done
Event: 13.495 loading class org/codehaus/groovy/runtime/DefaultGroovyMethods
Event: 13.495 loading class org/codehaus/groovy/runtime/DefaultGroovyMethods done
Event: 13.501 loading class org/codehaus/groovy/runtime/DefaultGroovyMethodsSupport
Event: 13.501 loading class org/codehaus/groovy/runtime/DefaultGroovyMethodsSupport done
Event: 13.502 loading class groovy/io/GroovyPrintWriter
Event: 13.502 loading class groovy/io/GroovyPrintWriter done
Event: 13.503 loading class org/codehaus/groovy/runtime/typehandling/GroovyCastException
Event: 13.503 loading class org/codehaus/groovy/runtime/typehandling/GroovyCastException done


Dynamic libraries:
0x00007ff746540000 - 0x00007ff746577000 	C:\Program Files\Java\jdk1.8.0_202\bin\java.exe
0x00007ffc29350000 - 0x00007ffc29567000 	C:\Windows\SYSTEM32\ntdll.dll
0x00007ffc28410000 - 0x00007ffc284d4000 	C:\Windows\System32\KERNEL32.DLL
0x00007ffc26830000 - 0x00007ffc26bea000 	C:\Windows\System32\KERNELBASE.dll
0x00007ffc27a50000 - 0x00007ffc27b02000 	C:\Windows\System32\ADVAPI32.dll
0x00007ffc29260000 - 0x00007ffc29307000 	C:\Windows\System32\msvcrt.dll
0x00007ffc27d50000 - 0x00007ffc27df7000 	C:\Windows\System32\sechost.dll
0x00007ffc26780000 - 0x00007ffc267a8000 	C:\Windows\System32\bcrypt.dll
0x00007ffc27930000 - 0x00007ffc27a44000 	C:\Windows\System32\RPCRT4.dll
0x00007ffc27b10000 - 0x00007ffc27cbe000 	C:\Windows\System32\USER32.dll
0x00007ffc26e30000 - 0x00007ffc26e56000 	C:\Windows\System32\win32u.dll
0x00007ffc28f40000 - 0x00007ffc28f69000 	C:\Windows\System32\GDI32.dll
0x00007ffc26d10000 - 0x00007ffc26e2b000 	C:\Windows\System32\gdi32full.dll
0x00007ffc266e0000 - 0x00007ffc2677a000 	C:\Windows\System32\msvcp_win.dll
0x00007ffc26bf0000 - 0x00007ffc26d01000 	C:\Windows\System32\ucrtbase.dll
0x00007ffc13830000 - 0x00007ffc13ac2000 	C:\Windows\WinSxS\amd64_microsoft.windows.common-controls_6595b64144ccf1df_6.0.22621.4541_none_2710d1c57384c085\COMCTL32.dll
0x00007ffc27e00000 - 0x00007ffc27e31000 	C:\Windows\System32\IMM32.DLL
0x00000000543e0000 - 0x00000000544b2000 	C:\Program Files\Java\jdk1.8.0_202\jre\bin\msvcr100.dll
0x0000000053680000 - 0x0000000053f25000 	C:\Program Files\Java\jdk1.8.0_202\jre\bin\server\jvm.dll
0x00007ffc29090000 - 0x00007ffc29098000 	C:\Windows\System32\PSAPI.DLL
0x00007ffc1ebe0000 - 0x00007ffc1ec14000 	C:\Windows\SYSTEM32\WINMM.dll
0x00007ffc1ade0000 - 0x00007ffc1adea000 	C:\Windows\SYSTEM32\VERSION.dll
0x00007ffc03c20000 - 0x00007ffc03c29000 	C:\Windows\SYSTEM32\WSOCK32.dll
0x00007ffc28330000 - 0x00007ffc283a1000 	C:\Windows\System32\WS2_32.dll
0x00007ffc136a0000 - 0x00007ffc136af000 	C:\Program Files\Java\jdk1.8.0_202\jre\bin\verify.dll
0x00007ffc0f710000 - 0x00007ffc0f739000 	C:\Program Files\Java\jdk1.8.0_202\jre\bin\java.dll
0x00007ffc0f6e0000 - 0x00007ffc0f703000 	C:\Program Files\Java\jdk1.8.0_202\jre\bin\instrument.dll
0x00007ffc13680000 - 0x00007ffc13696000 	C:\Program Files\Java\jdk1.8.0_202\jre\bin\zip.dll
0x00007ffc27080000 - 0x00007ffc278f8000 	C:\Windows\System32\SHELL32.dll
0x00007ffc24510000 - 0x00007ffc24e18000 	C:\Windows\SYSTEM32\windows.storage.dll
0x00007ffc28bb0000 - 0x00007ffc28f3f000 	C:\Windows\System32\combase.dll
0x00007ffc243d0000 - 0x00007ffc2450f000 	C:\Windows\SYSTEM32\wintypes.dll
0x00007ffc28900000 - 0x00007ffc289fa000 	C:\Windows\System32\SHCORE.dll
0x00007ffc27e40000 - 0x00007ffc27e9e000 	C:\Windows\System32\shlwapi.dll
0x00007ffc26550000 - 0x00007ffc2657b000 	C:\Windows\SYSTEM32\profapi.dll
0x00007ffc105d0000 - 0x00007ffc105ea000 	C:\Program Files\Java\jdk1.8.0_202\jre\bin\net.dll
0x00007ffc14f40000 - 0x00007ffc15130000 	C:\Windows\SYSTEM32\urlmon.dll
0x00007ffc1c5e0000 - 0x00007ffc1c608000 	C:\Windows\SYSTEM32\srvcli.dll
0x00007ffc14b60000 - 0x00007ffc14e1e000 	C:\Windows\SYSTEM32\iertutil.dll
0x00007ffc25040000 - 0x00007ffc2504c000 	C:\Windows\SYSTEM32\netutils.dll
0x00007ffc25a90000 - 0x00007ffc25af9000 	C:\Windows\system32\mswsock.dll
0x00007ffc0f100000 - 0x00007ffc0f112000 	C:\Program Files\Java\jdk1.8.0_202\jre\bin\nio.dll
0x00007ffc02d90000 - 0x00007ffc02db7000 	C:\Users\user\.gradle\native\c067742578af261105cb4f569cf0c3c89f3d7b1fecec35dd04571415982c5e48\windows-amd64\native-platform.dll
0x00007ffc0eb30000 - 0x00007ffc0ec74000 	C:\Users\user\.gradle\native\38dada09dfb8b06ba9b0570ebf7e218e3eb74d4ef43ca46872605cf95ebc2f47\windows-amd64\native-platform-file-events.dll
0x00007ffc13630000 - 0x00007ffc1363d000 	C:\Program Files\Java\jdk1.8.0_202\jre\bin\management.dll
0x00007ffc25de0000 - 0x00007ffc25dfb000 	C:\Windows\SYSTEM32\CRYPTSP.dll
0x00007ffc255a0000 - 0x00007ffc255d5000 	C:\Windows\system32\rsaenh.dll
0x00007ffc25b30000 - 0x00007ffc25b58000 	C:\Windows\SYSTEM32\USERENV.dll
0x00007ffc26fd0000 - 0x00007ffc2704b000 	C:\Windows\System32\bcryptprimitives.dll
0x00007ffc25dc0000 - 0x00007ffc25dcc000 	C:\Windows\SYSTEM32\CRYPTBASE.dll
0x00007ffc250c0000 - 0x00007ffc250ed000 	C:\Windows\SYSTEM32\IPHLPAPI.DLL
0x00007ffc27900000 - 0x00007ffc27909000 	C:\Windows\System32\NSI.dll
0x00007ffc20dd0000 - 0x00007ffc20de9000 	C:\Windows\SYSTEM32\dhcpcsvc6.DLL
0x00007ffc1f2c0000 - 0x00007ffc1f2df000 	C:\Windows\SYSTEM32\dhcpcsvc.DLL
0x00007ffc250f0000 - 0x00007ffc251f2000 	C:\Windows\SYSTEM32\DNSAPI.dll

VM Arguments:
jvm_args: -Xmx2048m -Dfile.encoding=UTF-8 -Duser.country=US -Duser.language=en -Duser.variant -javaagent:C:\Users\user\.gradle\wrapper\dists\gradle-8.7-bin\bhs2wmbdwecv87pi65oeuq5iu\gradle-8.7\lib\agents\gradle-instrumentation-agent-8.7.jar 
java_command: org.gradle.launcher.daemon.bootstrap.GradleDaemon 8.7
java_class_path (initial): C:\Users\user\.gradle\wrapper\dists\gradle-8.7-bin\bhs2wmbdwecv87pi65oeuq5iu\gradle-8.7\lib\gradle-launcher-8.7.jar;C:\Users\user\.gradle\wrapper\dists\gradle-8.7-bin\bhs2wmbdwecv87pi65oeuq5iu\gradle-8.7\lib\agents\gradle-instrumentation-agent-8.7.jar
Launcher Type: SUN_STANDARD

Environment Variables:
JAVA_HOME=C:\Program Files\Java\jdk1.8.0_202
PATH=C:\Program Files\Java\jdk-22;C:\Program Files\Common Files\Oracle\Java\javapath;C:\Program Files (x86)\Common Files\Oracle\Java\java8path;C:\Program Files (x86)\Common Files\Oracle\Java\javapath;C:\Program Files\Java\jdk1.8.0_202\bin;C:\Program Files (x86)\VMware\VMware Workstation\bin\;D:\kotlinc\bin;C:\Windows\system32;C:\Windows;C:\Windows\System32\Wbem;C:\Windows\System32\WindowsPowerShell\v1.0\;C:\Windows\System32\OpenSSH\;C:\Program Files (x86)\NVIDIA Corporation\PhysX\Common;C:\Program Files\NVIDIA Corporation\NVIDIA NvDLISR;C:\Program Files\Java\jdk1.8.0_202\bin;C:\Program Files\dotnet\;C:\Program Files\Microsoft SQL Server\150\Tools\Binn\;C:\Program Files\Git\cmd;C:\Users\user\AppData\Local\Microsoft\WindowsApps;C:\Users\user\Ahmed\flutter\bin;C:\Program Files\Java\jdk1.8.0_202\bin
USERNAME=user
OS=Windows_NT
PROCESSOR_IDENTIFIER=AMD64 Family 25 Model 80 Stepping 0, AuthenticAMD



---------------  S Y S T E M  ---------------

OS: Windows 10.0 , 64 bit Build 22621 (10.0.22621.4391)

CPU:total 16 (initial active 16) (16 cores per cpu, 1 threads per core) family 25 model 80 stepping 0, cmov, cx8, fxsr, mmx, sse, sse2, sse3, ssse3, sse4.1, sse4.2, popcnt, avx, avx2, aes, clmul, erms, mmxext, 3dnowpref, lzcnt, sse4a, tsc, tscinvbit, tscinv, bmi1

Memory: 4k page, physical 14528572k(112520k free), swap 26816572k(5220k free)

vm_info: Java HotSpot(TM) 64-Bit Server VM (25.202-b08) for windows-amd64 JRE (1.8.0_202-b08), built on Dec 15 2018 19:54:30 by "java_re" with MS VC++ 10.0 (VS2010)

time: Thu Dec 19 17:14:06 2024
timezone: Egypt Standard Time
elapsed time: 13 seconds (0d 0h 0m 13s)

